* using log directory 'C:/Users/shvar/Documents/GitHub/RLab5Assignment/Lab5Assignment.Rcheck'
* using R version 3.6.1 (2019-07-05)
* using platform: x86_64-w64-mingw32 (64-bit)
* using session charset: ISO8859-1
* using options '--no-manual --as-cran'
* checking for file 'Lab5Assignment/DESCRIPTION' ... OK
* checking extension type ... Package
* this is package 'Lab5Assignment' version '1.0'
* checking package namespace information ... OK
* checking package dependencies ... OK
* checking if this is a source package ... OK
* checking if there is a namespace ... OK
* checking for executable files ... OK
* checking for hidden files and directories ... OK
* checking for portable file names ... OK
* checking serialization versions ... OK
* checking whether package 'Lab5Assignment' can be installed ... OK
* checking installed package size ... OK
* checking package directory ... OK
* checking for future file timestamps ... OK
* checking DESCRIPTION meta-information ... OK
* checking top-level files ... OK
* checking for left-over files ... OK
* checking index information ... OK
* checking package subdirectories ... OK
* checking R files for non-ASCII characters ... OK
* checking R files for syntax errors ... OK
* checking whether the package can be loaded ... OK
* checking whether the package can be loaded with stated dependencies ... OK
* checking whether the package can be unloaded cleanly ... OK
* checking whether the namespace can be loaded with stated dependencies ... OK
* checking whether the namespace can be unloaded cleanly ... OK
* checking loading without being on the library search path ... OK
* checking dependencies in R code ... OK
* checking S3 generic/method consistency ... OK
* checking replacement functions ... OK
* checking foreign function calls ... OK
* checking R code for possible problems ... NOTE
CountyResults: no visible global function definition for 'aes'
CountyResults: no visible binding for global variable 'PartyNames'
CountyResults: no visible binding for global variable 'TotalVotes'
CountyResults: no visible global function definition for 'geom_bar'
CountyResults: no visible global function definition for 'geom_text'
CountyResults: no visible global function definition for
  'theme_minimal'
CountyResults: no visible global function definition for 'labs'
MunicipalityResults: no visible global function definition for 'aes'
MunicipalityResults: no visible binding for global variable
  'PartyNames'
MunicipalityResults: no visible binding for global variable
  'TotalVotes'
MunicipalityResults: no visible global function definition for
  'geom_bar'
MunicipalityResults: no visible global function definition for
  'geom_text'
MunicipalityResults: no visible global function definition for
  'theme_minimal'
MunicipalityResults: no visible global function definition for 'labs'
Undefined global functions or variables:
  PartyNames TotalVotes aes geom_bar geom_text labs theme_minimal
* checking Rd files ... WARNING
man/url.Rd: non-ASCII input and no declared encoding
problem found in 'url.Rd'
* checking Rd metadata ... OK
* checking Rd line widths ... OK
* checking Rd cross-references ... OK
* checking for missing documentation entries ... OK
* checking for code/documentation mismatches ... OK
* checking Rd \usage sections ... WARNING
Documented arguments not in \usage in documentation object 'url':
  'County_name' 'Municipality_name'

Functions with \usage entries need to have the appropriate \alias
entries, and all their arguments documented.
The \usage entries must correspond to syntactically valid R code.
See chapter 'Writing R documentation files' in the 'Writing R
Extensions' manual.
* checking Rd contents ... OK
* checking for unstated dependencies in examples ... OK
* checking examples ... OK
* DONE
Status: 2 WARNINGs, 1 NOTE
